Arguments: 
  /Users/Foyarash/.nvm/versions/node/v8.4.0/bin/node /usr/local/Cellar/yarn/1.3.2/libexec/bin/yarn.js publish

PATH: 
  /Users/Foyarash/.rvm/gems/ruby-2.1.5/bin:/Users/Foyarash/.rvm/gems/ruby-2.1.5@global/bin:/Users/Foyarash/.rvm/rubies/ruby-2.1.5/bin:/Users/Foyarash/.nvm/versions/node/v8.4.0/bin:/usr/local/bin:/usr/local/sbin:/usr/bin:/bin:/usr/sbin:/sbin:/opt/X11/bin:/Library/Frameworks/Mono.framework/Versions/Current/Commands:/Users/Foyarash/.rvm/gems/ruby-2.1.5/bin:/Users/Foyarash/.rvm/gems/ruby-2.1.5@global/bin:/Users/Foyarash/.rvm/rubies/ruby-2.1.5/bin:/Users/Foyarash/Library/Android/sdk/tools:/Users/Foyarash/Library/Android/sdk/platform-tools:/Users/Foyarash/.rvm/bin:/usr/local/share/npm/bin:/Users/Foyarash/Library/Android/sdk/tools:/Users/Foyarash/Library/Android/sdk/platform-tools:/Users/Foyarash/.rvm/bin:/usr/local/share/npm/bin

Yarn version: 
  1.3.2

Node version: 
  8.4.0

Platform: 
  darwin x64

npm manifest: 
  {
    "name": "react-generator",
    "version": "1.0.0",
    "description":
      "Command line tool for React / React Native to generate components",
    "main": "index.js",
    "author": "Foyarash",
    "license": "MIT",
    "private": false,
    "dependencies": {
      "mustache": "^2.3.0"
    },
    "generator": {
      "options": {}
    },
    "bin": {
      "react-generator": "./index.js"
    }
  }

yarn manifest: 
  No manifest

Lockfile: 
  # THIS IS AN AUTOGENERATED FILE. DO NOT EDIT THIS FILE DIRECTLY.
  # yarn lockfile v1
  
  
  mustache@^2.3.0:
    version "2.3.0"
    resolved "https://registry.yarnpkg.com/mustache/-/mustache-2.3.0.tgz#4028f7778b17708a489930a6e52ac3bca0da41d0"

Trace: 
  Error: https://registry.yarnpkg.com/react-generator: You do not have permission to publish "react-generator". Are you logged in as the correct user?
      at Request.params.callback [as _callback] (/usr/local/Cellar/yarn/1.3.2/libexec/lib/cli.js:62098:18)
      at Request.self.callback (/usr/local/Cellar/yarn/1.3.2/libexec/lib/cli.js:123085:22)
      at emitTwo (events.js:125:13)
      at Request.emit (events.js:213:7)
      at Request.<anonymous> (/usr/local/Cellar/yarn/1.3.2/libexec/lib/cli.js:124068:10)
      at emitOne (events.js:115:13)
      at Request.emit (events.js:210:7)
      at Gunzip.<anonymous> (/usr/local/Cellar/yarn/1.3.2/libexec/lib/cli.js:123988:12)
      at Object.onceWrapper (events.js:314:30)
      at emitNone (events.js:110:20)
